2021-06-25 21:34:30,985 :INFO :test_e2e :Product Name:iphone X
2021-06-25 21:34:32,114 :INFO :test_e2e :Product Name:Samsung Note 8
2021-06-25 21:34:32,287 :INFO :test_e2e :Product Name:Nokia Edge
2021-06-25 21:34:32,387 :INFO :test_e2e :Product Name:Blackberry
2021-06-25 21:41:48,813 :INFO :test_e2e :Product Name:iphone X
2021-06-25 21:41:49,007 :INFO :test_e2e :Product Name:Samsung Note 8
2021-06-25 21:41:49,184 :INFO :test_e2e :Product Name:Nokia Edge
2021-06-25 21:41:49,367 :INFO :test_e2e :Product Name:Blackberry
2021-06-25 21:41:49,367 :INFO :test_e2e :Item Matched proceeding to checkout with :Blackberry
2021-06-25 21:42:02,880 :INFO :test_e2e :Checkout completed×
Success! Thank you! Your order will be delivered in next few weeks :-).
2021-06-25 21:54:40,240 :INFO :test_formSubmission :Entered first name:Linjo
2021-06-25 21:54:40,557 :INFO :test_formSubmission :Entered email id :linjo@gmail.com
2021-06-25 21:54:40,970 :INFO :test_formSubmission :Message is:×
Success! The Form has been submitted successfully!.
2021-06-25 21:54:41,841 :INFO :test_formSubmission :Entered first name:Anumary
2021-06-25 21:54:41,841 :INFO :test_formSubmission :Entered first name:Anumary
2021-06-25 21:54:42,064 :INFO :test_formSubmission :Entered email id :anu@gmail.com
2021-06-25 21:54:42,064 :INFO :test_formSubmission :Entered email id :anu@gmail.com
2021-06-25 21:54:43,679 :INFO :test_formSubmission :Message is:×
Success! The Form has been submitted successfully!.
2021-06-25 21:54:43,679 :INFO :test_formSubmission :Message is:×
Success! The Form has been submitted successfully!.
2021-06-26 23:40:55,680 :INFO :test_formSubmission :Entered first name:Linjo
2021-06-26 23:40:55,918 :INFO :test_formSubmission :Entered email id :linjo@gmail.com
2021-06-26 23:40:56,871 :INFO :test_formSubmission :Message is:×
Success! The Form has been submitted successfully!.
2021-06-26 23:40:58,176 :INFO :test_formSubmission :Entered first name:Anumary
2021-06-26 23:40:58,176 :INFO :test_formSubmission :Entered first name:Anumary
2021-06-26 23:40:58,694 :INFO :test_formSubmission :Entered email id :anu@gmail.com
2021-06-26 23:40:58,694 :INFO :test_formSubmission :Entered email id :anu@gmail.com
2021-06-26 23:41:00,575 :INFO :test_formSubmission :Message is:×
Success! The Form has been submitted successfully!.
2021-06-26 23:41:00,575 :INFO :test_formSubmission :Message is:×
Success! The Form has been submitted successfully!.
2021-06-27 00:18:01,483 :INFO :test_formSubmission :Entered first name:Linjo
2021-06-27 00:18:01,839 :INFO :test_formSubmission :Entered email id :linjo@gmail.com
2021-06-27 00:18:04,794 :INFO :test_formSubmission :Message is:×
Success! The Form has been submitted successfully!.
2021-06-27 00:18:06,620 :INFO :test_formSubmission :Entered first name:Anumary
2021-06-27 00:18:06,620 :INFO :test_formSubmission :Entered first name:Anumary
2021-06-27 00:18:06,934 :INFO :test_formSubmission :Entered email id :anu@gmail.com
2021-06-27 00:18:06,934 :INFO :test_formSubmission :Entered email id :anu@gmail.com
2021-06-27 00:18:08,829 :INFO :test_formSubmission :Message is:×
Success! The Form has been submitted successfully!.
2021-06-27 00:18:08,829 :INFO :test_formSubmission :Message is:×
Success! The Form has been submitted successfully!.
2021-06-27 00:20:15,437 :INFO :test_formSubmission :Entered first name:Linjo
2021-06-27 00:20:15,807 :INFO :test_formSubmission :Entered email id :linjo@gmail.com
2021-06-27 00:20:17,266 :INFO :test_formSubmission :Message is:×
Success! The Form has been submitted successfully!.
2021-06-27 00:20:18,130 :INFO :test_formSubmission :Entered first name:Anumary
2021-06-27 00:20:18,130 :INFO :test_formSubmission :Entered first name:Anumary
2021-06-27 00:20:18,184 :INFO :test_formSubmission :Entered email id :anu@gmail.com
2021-06-27 00:20:18,184 :INFO :test_formSubmission :Entered email id :anu@gmail.com
2021-06-27 00:20:19,019 :INFO :test_formSubmission :Message is:×
Success! The Form has been submitted successfully!.
2021-06-27 00:20:19,019 :INFO :test_formSubmission :Message is:×
Success! The Form has been submitted successfully!.
2021-06-27 00:25:59,294 :INFO :test_formSubmission :Entered first name:Linjo
2021-06-27 00:25:59,461 :INFO :test_formSubmission :Entered email id :linjo@gmail.com
2021-06-27 00:25:59,852 :INFO :test_formSubmission :Message is:×
Success! The Form has been submitted successfully!.
2021-06-27 00:26:00,706 :INFO :test_formSubmission :Entered first name:Anumary
2021-06-27 00:26:00,706 :INFO :test_formSubmission :Entered first name:Anumary
2021-06-27 00:26:01,687 :INFO :test_formSubmission :Entered email id :anu@gmail.com
2021-06-27 00:26:01,687 :INFO :test_formSubmission :Entered email id :anu@gmail.com
2021-06-27 00:26:05,220 :INFO :test_formSubmission :Message is:×
Success! The Form has been submitted successfully!.
2021-06-27 00:26:05,220 :INFO :test_formSubmission :Message is:×
Success! The Form has been submitted successfully!.
